2023-02-15 11:15:47.906499 0 52.5 238.5 0.065
2023-02-15 11:17:26.113882 1 52.5 238.3 0.062
2023-02-15 11:17:26.114312 2 52.4 238.5 0.064
2023-02-15 11:17:26.114724 3 52.4 238.3 0.063
2023-02-15 11:17:26.115141 4 52.4 238.5 0.060
2023-02-15 11:17:26.115560 5 52.4 238.2 0.062
2023-02-15 11:17:26.115978 6 52.5 238.4 0.065
2023-02-15 11:17:26.116440 7 52.5 238.0 0.061
2023-02-15 11:17:26.116956 8 52.5 238.1 0.061
2023-02-15 11:17:26.117472 9 52.5 237.8 0.064
2023-02-15 11:17:26.117986 10 52.5 238.1 0.060
2023-02-15 11:17:26.118507 11 52.4 238.0 0.062
2023-02-15 11:17:26.119025 12 52.5 238.4 0.065
2023-02-15 11:17:26.119545 13 52.5 238.3 0.058
2023-02-15 11:17:26.120064 14 52.5 238.2 0.060
2023-02-15 11:17:26.120592 15 52.4 238.4 0.061
2023-02-15 11:17:26.121123 16 52.4 238.2 0.068
2023-02-15 11:17:26.121629 17 52.4 238.8 0.061
2023-02-15 11:17:26.122116 18 52.5 238.7 0.062
2023-02-15 11:17:26.122601 19 52.5 238.5 0.059
2023-02-15 11:17:26.123088 20 52.4 238.6 0.062
2023-02-15 11:17:26.123573 21 52.4 238.4 0.061
2023-02-15 11:17:26.124058 22 52.5 238.4 0.060
2023-02-15 11:17:26.124549 23 52.4 238.6 0.064
2023-02-15 11:17:26.125034 24 52.5 238.4 0.061
2023-02-15 11:17:26.125519 25 52.5 238.6 0.059
2023-02-15 11:17:26.126005 26 52.5 238.4 0.057
2023-02-15 11:17:26.126489 27 52.4 238.5 0.061
2023-02-15 11:17:26.126975 28 52.5 238.6 0.059
2023-02-15 11:17:26.127458 29 52.5 238.5 0.062
2023-02-15 11:17:26.127941 30 52.6 238.6 0.063
2023-02-15 11:17:26.128433 31 52.6 238.5 0.058
2023-02-15 11:17:26.128915 32 52.5 238.6 0.063
2023-02-15 11:17:26.129396 33 52.5 238.5 0.063
2023-02-15 11:17:26.129878 34 52.5 238.6 0.058
2023-02-15 11:17:26.130359 35 52.5 238.5 0.063
2023-02-15 11:17:26.130840 36 52.6 238.6 0.063
2023-02-15 11:17:26.131330 37 52.6 238.4 0.059
2023-02-15 11:17:26.131811 38 52.5 238.6 0.068
2023-02-15 11:17:26.132301 39 52.6 238.5 0.063
2023-02-15 11:17:26.132782 40 52.6 238.7 0.059
2023-02-15 11:17:26.133264 41 52.5 238.8 0.063
2023-02-15 11:17:26.133745 42 52.6 238.6 0.066
2023-02-15 11:17:26.134226 43 52.6 238.6 0.064
2023-02-15 11:17:26.134709 44 52.6 238.7 0.060
2023-02-15 11:17:26.135190 45 52.5 238.6 0.062
2023-02-15 11:17:26.135671 46 52.5 238.7 0.060
2023-02-15 11:17:26.136160 47 52.4 238.4 0.062
2023-02-15 11:17:26.136642 48 52.5 238.6 0.064
2023-02-15 11:17:26.137124 49 52.6 238.7 0.062
2023-02-15 11:17:26.137607 50 52.6 238.7 0.057
2023-02-15 11:17:26.138088 51 52.5 238.5 0.063
2023-02-15 11:17:26.138579 52 52.5 238.7 0.062
2023-02-15 11:17:26.139060 53 52.5 238.5 0.063
2023-02-15 11:17:26.139548 54 52.5 238.7 0.064
2023-02-15 11:17:26.140030 55 52.5 238.6 0.061
2023-02-15 11:17:26.140519 56 52.5 238.6 0.060
2023-02-15 11:17:26.141001 57 52.5 238.7 0.062
2023-02-15 11:17:26.141488 58 52.5 238.6 0.060
2023-02-15 11:17:26.141971 59 52.4 238.7 0.062
2023-02-15 11:17:26.142451 60 52.5 238.5 0.062
2023-02-15 11:17:26.142932 61 52.5 238.7 0.058
2023-02-15 11:17:26.143411 62 52.5 238.5 0.063
2023-02-15 11:17:26.143891 63 52.4 238.7 0.061
2023-02-15 11:17:26.144377 64 52.5 238.5 0.058
2023-02-15 11:17:26.144857 65 52.5 238.7 0.067
2023-02-15 11:17:26.145348 66 52.6 238.7 0.058
2023-02-15 11:17:26.145844 67 52.6 239.0 0.060
2023-02-15 11:17:26.146338 68 52.6 239.1 0.059
2023-02-15 11:17:26.161830 69 52.6 239.0 0.060
2023-02-15 11:17:26.162368 70 52.5 239.0 0.067
